# Add module symlinks if appropriate
if [ -n "${KERNEL_VERSION}" ] && [ -x /bin/kmod ] ; then
  ln -s kmod "${WDIR}/bin/lsmod"
  ln -s kmod "${WDIR}/bin/insmod"
fi

# Install the kernel modules if requested
if [ -n "${KERNEL_VERSION}" ]; then
  # Autodetect
  if [ "x${modules}" == "xautodetect" ]; then
    modlist=$(lsmod | sed '/Modules/d' | awk '{print $1}' | sort | uniq | sed -e 's@_@-@g')
    ext_modlist=$(echo ${modlist}" " | sed "s@ @.ko.xz\n@g")
    for module in ${ext_modlist}
    do
      find "/lib/modules/${KERNEL_VERSION}/" -name "${module}" | \
           cpio --make-directories -p --quiet $WDIR
    done
  # Failsafe
  elseif "x${modules}" == "x" ]; then
    find                                                                      \
     /lib/modules/$KERNEL_VERSION/kernel/{crypto,fs,lib}                      \
     /lib/modules/$KERNEL_VERSION/kernel/drivers/{block,ata,md,firewire}      \
     /lib/modules/$KERNEL_VERSION/kernel/drivers/{scsi,message,pcmcia,virtio} \
     /lib/modules/$KERNEL_VERSION/kernel/drivers/usb/{host,storage}           \
     -type f 2> /dev/null | cpio --make-directories -p --quiet $WDIR
  # specific list
  else # "${modules}" == "space separated list"
    for module in ${modules}
    do
      find "/lib/modules/${KERNEL_VERSION}/" -name "${module}" | \
           cpio --make-directories -p --quiet $WDIR
    done
  fi

  cp /lib/modules/"${KERNEL_VERSION}"/modules.{alias,builtin{,.modinfo},order} \
     "${WDIR}/lib/modules/${KERNEL_VERSION}"
  depmod -b "${WDIR}" "${KERNEL_VERSION}"
fi


